[18:18:51] [Client thread/INFO]: Setting user: Player340
[18:18:54] [Client thread/INFO]: LWJGL Version: 2.9.1
[18:18:59] [Client thread/INFO]: Reloading ResourceManager: Default, FMLFileResourcePack:Forge Mod Loader, FMLFileResourcePack:Minecraft Forge, FMLFileResourcePack:cathywus
[18:18:59] [Sound Library Loader/INFO]: Starting up SoundSystem...
[18:18:59] [Thread-7/INFO]: Initializing LWJGL OpenAL
[18:18:59] [Thread-7/INFO]: (The LWJGL binding of OpenAL.  For more information, see http://www.lwjgl.org)
[18:19:00] [Thread-7/INFO]: OpenAL initialized.
[18:19:00] [Sound Library Loader/INFO]: Sound engine started
[18:19:06] [Client thread/INFO]: Created: 512x512 textures-atlas
[18:19:07] [Client thread/INFO]: Reloading ResourceManager: Default, FMLFileResourcePack:Forge Mod Loader, FMLFileResourcePack:Minecraft Forge, FMLFileResourcePack:cathywus
[18:19:07] [Client thread/INFO]: SoundSystem shutting down...
[18:19:08] [Client thread/WARN]: Author: Paul Lamb, www.paulscode.com
[18:19:08] [Sound Library Loader/INFO]: Starting up SoundSystem...
[18:19:08] [Thread-9/INFO]: Initializing LWJGL OpenAL
[18:19:08] [Thread-9/INFO]: (The LWJGL binding of OpenAL.  For more information, see http://www.lwjgl.org)
[18:19:08] [Thread-9/INFO]: OpenAL initialized.
[18:19:08] [Sound Library Loader/INFO]: Sound engine started
[18:19:13] [Client thread/INFO]: Created: 512x512 textures-atlas
[18:19:25] [Server thread/INFO]: Starting integrated minecraft server version 1.8
[18:19:25] [Server thread/INFO]: Generating keypair
[18:19:26] [Server thread/INFO]: Preparing start region for level 0
[18:19:27] [Server thread/INFO]: Preparing spawn area: 49%
[18:19:28] [Server thread/INFO]: Changing view distance to 12, from 10
[18:19:28] [Server thread/INFO]: Player340[local:E:b3fdb80b] logged in with entity id 314 at (317.6036728642488, 64.50305010548246, 263.75294204984175)
[18:19:28] [Server thread/INFO]: Player340 joined the game
[18:19:53] [Server thread/INFO]: Player340 has just earned the achievement [Taking Inventory]
[18:19:53] [Client thread/INFO]: [CHAT] Player340 has just earned the achievement [Taking Inventory]
[18:19:55] [Client thread/WARN]: Failed to load texture: minecraft:textures/gui/container/creative_inventory/tab_cathywus.png
java.io.FileNotFoundException: minecraft:textures/gui/container/creative_inventory/tab_cathywus.png
	at net.minecraft.client.resources.FallbackResourceManager.getResource(FallbackResourceManager.java:70) ~[FallbackResourceManager.class:?]
	at net.minecraft.client.resources.SimpleReloadableResourceManager.getResource(SimpleReloadableResourceManager.java:67) ~[SimpleReloadableResourceManager.class:?]
	at net.minecraft.client.renderer.texture.SimpleTexture.loadTexture(SimpleTexture.java:34) ~[SimpleTexture.class:?]
	at net.minecraft.client.renderer.texture.TextureManager.loadTexture(TextureManager.java:70) [TextureManager.class:?]
	at net.minecraft.client.renderer.texture.TextureManager.bindTexture(TextureManager.java:44) [TextureManager.class:?]
	at net.minecraft.client.gui.inventory.GuiContainerCreative.drawGuiContainerBackgroundLayer(GuiContainerCreative.java:801) [GuiContainerCreative.class:?]
	at net.minecraft.client.gui.inventory.GuiContainer.drawScreen(GuiContainer.java:95) [GuiContainer.class:?]
	at net.minecraft.client.renderer.InventoryEffectRenderer.drawScreen(InventoryEffectRenderer.java:53) [InventoryEffectRenderer.class:?]
	at net.minecraft.client.gui.inventory.GuiContainerCreative.drawScreen(GuiContainerCreative.java:659) [GuiContainerCreative.class:?]
	at net.minecraftforge.client.ForgeHooksClient.drawScreen(ForgeHooksClient.java:462) [ForgeHooksClient.class:?]
	at net.minecraft.client.renderer.EntityRenderer.updateCameraAndRender(EntityRenderer.java:1134) [EntityRenderer.class:?]
	at net.minecraft.client.Minecraft.runGameLoop(Minecraft.java:1107) [Minecraft.class:?]
	at net.minecraft.client.Minecraft.run(Minecraft.java:376) [Minecraft.class:?]
	at net.minecraft.client.main.Main.main(Main.java:117) [Main.class:?]
	at sun.reflect.NativeMethodAccessorImpl.invoke0(Native Method) ~[?:1.7.0_75]
	at sun.reflect.NativeMethodAccessorImpl.invoke(NativeMethodAccessorImpl.java:57) ~[?:1.7.0_75]
	at sun.reflect.DelegatingMethodAccessorImpl.invoke(DelegatingMethodAccessorImpl.java:43) ~[?:1.7.0_75]
	at java.lang.reflect.Method.invoke(Method.java:606) ~[?:1.7.0_75]
	at net.minecraft.launchwrapper.Launch.launch(Launch.java:135) [launchwrapper-1.11.jar:?]
	at net.minecraft.launchwrapper.Launch.main(Launch.java:28) [launchwrapper-1.11.jar:?]
	at net.minecraftforge.gradle.GradleStartCommon.launch(Unknown Source) [start/:?]
	at GradleStart.main(Unknown Source) [start/:?]
	at sun.reflect.NativeMethodAccessorImpl.invoke0(Native Method) ~[?:1.7.0_75]
	at sun.reflect.NativeMethodAccessorImpl.invoke(NativeMethodAccessorImpl.java:57) ~[?:1.7.0_75]
	at sun.reflect.DelegatingMethodAccessorImpl.invoke(DelegatingMethodAccessorImpl.java:43) ~[?:1.7.0_75]
	at java.lang.reflect.Method.invoke(Method.java:606) ~[?:1.7.0_75]
	at com.intellij.rt.execution.application.AppMain.main(AppMain.java:140) [idea_rt.jar:?]
